Determining if the pthread_create exist failed with the following output:
Change Dir: /home/user/ros_ws/build/CMakeFiles/CMakeTmp

Run Build Command:/usr/bin/make "cmTryCompileExec3283254149/fast"
/usr/bin/make -f CMakeFiles/cmTryCompileExec3283254149.dir/build.make CMakeFiles/cmTryCompileExec3283254149.dir/build
make[1]: Entering directory `/home/user/ros_ws/build/CMakeFiles/CMakeTmp'
/usr/bin/cmake -E cmake_progress_report /home/user/ros_ws/build/CMakeFiles/CMakeTmp/CMakeFiles 1
Building C object CMakeFiles/cmTryCompileExec3283254149.dir/CheckSymbolExists.c.o
/usr/bin/cc    -o CMakeFiles/cmTryCompileExec3283254149.dir/CheckSymbolExists.c.o   -c /home/user/ros_ws/build/CMakeFiles/CMakeTmp/CheckSymbolExists.c
Linking C executable cmTryCompileExec3283254149
/usr/bin/cmake -E cmake_link_script CMakeFiles/cmTryCompileExec3283254149.dir/link.txt --verbose=1
/usr/bin/cc       CMakeFiles/cmTryCompileExec3283254149.dir/CheckSymbolExists.c.o  -o cmTryCompileExec3283254149 -rdynamic 
CMakeFiles/cmTryCompileExec3283254149.dir/CheckSymbolExists.c.o: In function `main':
CheckSymbolExists.c:(.text+0x16): undefined reference to `pthread_create'
collect2: error: ld returned 1 exit status
make[1]: *** [cmTryCompileExec3283254149] Error 1
make[1]: Leaving directory `/home/user/ros_ws/build/CMakeFiles/CMakeTmp'
make: *** [cmTryCompileExec3283254149/fast] Error 2

File /home/user/ros_ws/build/CMakeFiles/CMakeTmp/CheckSymbolExists.c:
/* */
#include <pthread.h>

int main(int argc, char** argv)
{
  (void)argv;
#ifndef pthread_create
  return ((int*)(&pthread_create))[argc];
#else
  (void)argc;
  return 0;
#endif
}

Determining if the function pthread_create exists in the pthreads failed with the following output:
Change Dir: /home/user/ros_ws/build/CMakeFiles/CMakeTmp

Run Build Command:/usr/bin/make "cmTryCompileExec564076619/fast"
/usr/bin/make -f CMakeFiles/cmTryCompileExec564076619.dir/build.make CMakeFiles/cmTryCompileExec564076619.dir/build
make[1]: Entering directory `/home/user/ros_ws/build/CMakeFiles/CMakeTmp'
/usr/bin/cmake -E cmake_progress_report /home/user/ros_ws/build/CMakeFiles/CMakeTmp/CMakeFiles 1
Building C object CMakeFiles/cmTryCompileExec564076619.dir/CheckFunctionExists.c.o
/usr/bin/cc   -DCHECK_FUNCTION_EXISTS=pthread_create   -o CMakeFiles/cmTryCompileExec564076619.dir/CheckFunctionExists.c.o   -c /usr/share/cmake-2.8/Modules/CheckFunctionExists.c
Linking C executable cmTryCompileExec564076619
/usr/bin/cmake -E cmake_link_script CMakeFiles/cmTryCompileExec564076619.dir/link.txt --verbose=1
/usr/bin/cc   -DCHECK_FUNCTION_EXISTS=pthread_create    CMakeFiles/cmTryCompileExec564076619.dir/CheckFunctionExists.c.o  -o cmTryCompileExec564076619 -rdynamic -lpthreads 
/usr/bin/ld: cannot find -lpthreads
collect2: error: ld returned 1 exit status
make[1]: Leaving directory `/home/user/ros_ws/build/CMakeFiles/CMakeTmp'
make[1]: *** [cmTryCompileExec564076619] Error 1
make: *** [cmTryCompileExec564076619/fast] Error 2


Determining if the Q_WS_WIN exist failed with the following output:
Change Dir: /home/user/ros_ws/build/CMakeFiles/CMakeTmp

Run Build Command:/usr/bin/make "cmTryCompileExec3107990684/fast"
/usr/bin/make -f CMakeFiles/cmTryCompileExec3107990684.dir/build.make CMakeFiles/cmTryCompileExec3107990684.dir/build
make[1]: Entering directory `/home/user/ros_ws/build/CMakeFiles/CMakeTmp'
/usr/bin/cmake -E cmake_progress_report /home/user/ros_ws/build/CMakeFiles/CMakeTmp/CMakeFiles 1
Building CXX object CMakeFiles/cmTryCompileExec3107990684.dir/CheckSymbolExists.cxx.o
/usr/bin/c++    -I/usr/include/qt4    -o CMakeFiles/cmTryCompileExec3107990684.dir/CheckSymbolExists.cxx.o -c /home/user/ros_ws/build/CMakeFiles/CMakeTmp/CheckSymbolExists.cxx
/home/user/ros_ws/build/CMakeFiles/CMakeTmp/CheckSymbolExists.cxx: In function ‘int main(int, char**)’:
/home/user/ros_ws/build/CMakeFiles/CMakeTmp/CheckSymbolExists.cxx:8:19: error: ‘Q_WS_WIN’ was not declared in this scope
   return ((int*)(&Q_WS_WIN))[argc];
                   ^
make[1]: *** [CMakeFiles/cmTryCompileExec3107990684.dir/CheckSymbolExists.cxx.o] Error 1
make[1]: Leaving directory `/home/user/ros_ws/build/CMakeFiles/CMakeTmp'
make: *** [cmTryCompileExec3107990684/fast] Error 2

File /home/user/ros_ws/build/CMakeFiles/CMakeTmp/CheckSymbolExists.cxx:
/* */
#include <QtCore/qglobal.h>

int main(int argc, char** argv)
{
  (void)argv;
#ifndef Q_WS_WIN
  return ((int*)(&Q_WS_WIN))[argc];
#else
  (void)argc;
  return 0;
#endif
}

Determining if the Q_WS_QWS exist failed with the following output:
Change Dir: /home/user/ros_ws/build/CMakeFiles/CMakeTmp

Run Build Command:/usr/bin/make "cmTryCompileExec2337082589/fast"
/usr/bin/make -f CMakeFiles/cmTryCompileExec2337082589.dir/build.make CMakeFiles/cmTryCompileExec2337082589.dir/build
make[1]: Entering directory `/home/user/ros_ws/build/CMakeFiles/CMakeTmp'
/usr/bin/cmake -E cmake_progress_report /home/user/ros_ws/build/CMakeFiles/CMakeTmp/CMakeFiles 1
Building CXX object CMakeFiles/cmTryCompileExec2337082589.dir/CheckSymbolExists.cxx.o
/usr/bin/c++    -I/usr/include/qt4    -o CMakeFiles/cmTryCompileExec2337082589.dir/CheckSymbolExists.cxx.o -c /home/user/ros_ws/build/CMakeFiles/CMakeTmp/CheckSymbolExists.cxx
/home/user/ros_ws/build/CMakeFiles/CMakeTmp/CheckSymbolExists.cxx: In function ‘int main(int, char**)’:
/home/user/ros_ws/build/CMakeFiles/CMakeTmp/CheckSymbolExists.cxx:8:19: error: ‘Q_WS_QWS’ was not declared in this scope
   return ((int*)(&Q_WS_QWS))[argc];
                   ^
make[1]: *** [CMakeFiles/cmTryCompileExec2337082589.dir/CheckSymbolExists.cxx.o] Error 1
make[1]: Leaving directory `/home/user/ros_ws/build/CMakeFiles/CMakeTmp'
make: *** [cmTryCompileExec2337082589/fast] Error 2

File /home/user/ros_ws/build/CMakeFiles/CMakeTmp/CheckSymbolExists.cxx:
/* */
#include <QtCore/qglobal.h>

int main(int argc, char** argv)
{
  (void)argv;
#ifndef Q_WS_QWS
  return ((int*)(&Q_WS_QWS))[argc];
#else
  (void)argc;
  return 0;
#endif
}

Determining if the Q_WS_MAC exist failed with the following output:
Change Dir: /home/user/ros_ws/build/CMakeFiles/CMakeTmp

Run Build Command:/usr/bin/make "cmTryCompileExec3031987584/fast"
/usr/bin/make -f CMakeFiles/cmTryCompileExec3031987584.dir/build.make CMakeFiles/cmTryCompileExec3031987584.dir/build
make[1]: Entering directory `/home/user/ros_ws/build/CMakeFiles/CMakeTmp'
/usr/bin/cmake -E cmake_progress_report /home/user/ros_ws/build/CMakeFiles/CMakeTmp/CMakeFiles 1
Building CXX object CMakeFiles/cmTryCompileExec3031987584.dir/CheckSymbolExists.cxx.o
/usr/bin/c++    -I/usr/include/qt4    -o CMakeFiles/cmTryCompileExec3031987584.dir/CheckSymbolExists.cxx.o -c /home/user/ros_ws/build/CMakeFiles/CMakeTmp/CheckSymbolExists.cxx
/home/user/ros_ws/build/CMakeFiles/CMakeTmp/CheckSymbolExists.cxx: In function ‘int main(int, char**)’:
/home/user/ros_ws/build/CMakeFiles/CMakeTmp/CheckSymbolExists.cxx:8:19: error: ‘Q_WS_MAC’ was not declared in this scope
   return ((int*)(&Q_WS_MAC))[argc];
                   ^
make[1]: *** [CMakeFiles/cmTryCompileExec3031987584.dir/CheckSymbolExists.cxx.o] Error 1
make[1]: Leaving directory `/home/user/ros_ws/build/CMakeFiles/CMakeTmp'
make: *** [cmTryCompileExec3031987584/fast] Error 2

File /home/user/ros_ws/build/CMakeFiles/CMakeTmp/CheckSymbolExists.cxx:
/* */
#include <QtCore/qglobal.h>

int main(int argc, char** argv)
{
  (void)argv;
#ifndef Q_WS_MAC
  return ((int*)(&Q_WS_MAC))[argc];
#else
  (void)argc;
  return 0;
#endif
}

